<?xml version="1.0" encoding="UTF-8"?>
<testng-results skipped="0" failed="0" ignored="0" total="4" passed="4">
  <reporter-output>
  </reporter-output>
  <suite name="MyTestSuite" duration-ms="33200" started-at="2023-07-02T04:30:16Z" finished-at="2023-07-02T04:30:50Z">
    <groups>
    </groups>
    <test name="ChromeTest" duration-ms="20142" started-at="2023-07-02T04:30:16Z" finished-at="2023-07-02T04:30:37Z">
      <class name="com.qa.testscripts.AddClientTest">
        <test-method status="PASS" signature="initializeBrowser(java.lang.String)[pri:0, instance:com.qa.testscripts.AddClientTest@769f71a9]" name="initializeBrowser" is-config="true" duration-ms="5185" started-at="2023-07-02T04:30:16Z" finished-at="2023-07-02T04:30:22Z">
          <params>
            <param index="0">
              <value>
                <![CDATA[Chrome]]>
              </value>
            </param>
          </params>
          <reporter-output>
          </reporter-output>
        </test-method> <!-- initializeBrowser -->
        <test-method status="PASS" signature="addClientTest()[pri:0, instance:com.qa.testscripts.AddClientTest@769f71a9]" name="addClientTest" duration-ms="6782" started-at="2023-07-02T04:30:22Z" finished-at="2023-07-02T04:30:28Z">
          <reporter-output>
          </reporter-output>
        </test-method> <!-- addClientTest -->
        <test-method status="PASS" signature="browserQuit(org.testng.ITestResult)[pri:0, instance:com.qa.testscripts.AddClientTest@769f71a9]" name="browserQuit" is-config="true" duration-ms="866" started-at="2023-07-02T04:30:28Z" finished-at="2023-07-02T04:30:29Z">
          <params>
            <param index="0">
              <value>
                <![CDATA[[TestResult name=addClientTest status=SUCCESS method=AddClientTest.addClientTest()[pri:0, instance:com.qa.testscripts.AddClientTest@769f71a9] output={null}]]]>
              </value>
            </param>
          </params>
          <reporter-output>
          </reporter-output>
        </test-method> <!-- browserQuit -->
        <test-method status="PASS" signature="initializeBrowser(java.lang.String)[pri:0, instance:com.qa.testscripts.AddClientTest@769f71a9]" name="initializeBrowser" is-config="true" duration-ms="3212" started-at="2023-07-02T04:30:29Z" finished-at="2023-07-02T04:30:32Z">
          <params>
            <param index="0">
              <value>
                <![CDATA[Chrome]]>
              </value>
            </param>
          </params>
          <reporter-output>
          </reporter-output>
        </test-method> <!-- initializeBrowser -->
        <test-method status="PASS" signature="verifyAlertMsgWithoutClient()[pri:0, instance:com.qa.testscripts.AddClientTest@769f71a9]" name="verifyAlertMsgWithoutClient" duration-ms="3356" started-at="2023-07-02T04:30:32Z" finished-at="2023-07-02T04:30:36Z">
          <reporter-output>
          </reporter-output>
        </test-method> <!-- verifyAlertMsgWithoutClient -->
        <test-method status="PASS" signature="browserQuit(org.testng.ITestResult)[pri:0, instance:com.qa.testscripts.AddClientTest@769f71a9]" name="browserQuit" is-config="true" duration-ms="689" started-at="2023-07-02T04:30:36Z" finished-at="2023-07-02T04:30:37Z">
          <params>
            <param index="0">
              <value>
                <![CDATA[[TestResult name=verifyAlertMsgWithoutClient status=SUCCESS method=AddClientTest.verifyAlertMsgWithoutClient()[pri:0, instance:com.qa.testscripts.AddClientTest@769f71a9] output={null}]]]>
              </value>
            </param>
          </params>
          <reporter-output>
          </reporter-output>
        </test-method> <!-- browserQuit -->
      </class> <!-- com.qa.testscripts.AddClientTest -->
    </test> <!-- ChromeTest -->
    <test name="EdgeTest" duration-ms="12679" started-at="2023-07-02T04:30:37Z" finished-at="2023-07-02T04:30:50Z">
      <class name="com.qa.testscripts.QuickSMSTest">
        <test-method status="PASS" signature="initializeBrowser(java.lang.String)[pri:0, instance:com.qa.testscripts.QuickSMSTest@654f0d9c]" name="initializeBrowser" is-config="true" duration-ms="4204" started-at="2023-07-02T04:30:37Z" finished-at="2023-07-02T04:30:41Z">
          <params>
            <param index="0">
              <value>
                <![CDATA[Edge]]>
              </value>
            </param>
          </params>
          <reporter-output>
          </reporter-output>
        </test-method> <!-- initializeBrowser -->
        <test-method status="PASS" signature="verifySMSwithoutNo()[pri:0, instance:com.qa.testscripts.QuickSMSTest@654f0d9c]" name="verifySMSwithoutNo" duration-ms="2119" started-at="2023-07-02T04:30:41Z" finished-at="2023-07-02T04:30:43Z">
          <reporter-output>
          </reporter-output>
        </test-method> <!-- verifySMSwithoutNo -->
        <test-method status="PASS" signature="browserQuit(org.testng.ITestResult)[pri:0, instance:com.qa.testscripts.QuickSMSTest@654f0d9c]" name="browserQuit" is-config="true" duration-ms="763" started-at="2023-07-02T04:30:43Z" finished-at="2023-07-02T04:30:44Z">
          <params>
            <param index="0">
              <value>
                <![CDATA[[TestResult name=verifySMSwithoutNo status=SUCCESS method=QuickSMSTest.verifySMSwithoutNo()[pri:0, instance:com.qa.testscripts.QuickSMSTest@654f0d9c] output={null}]]]>
              </value>
            </param>
          </params>
          <reporter-output>
          </reporter-output>
        </test-method> <!-- browserQuit -->
        <test-method status="PASS" signature="initializeBrowser(java.lang.String)[pri:0, instance:com.qa.testscripts.QuickSMSTest@654f0d9c]" name="initializeBrowser" is-config="true" duration-ms="2789" started-at="2023-07-02T04:30:44Z" finished-at="2023-07-02T04:30:47Z">
          <params>
            <param index="0">
              <value>
                <![CDATA[Edge]]>
              </value>
            </param>
          </params>
          <reporter-output>
          </reporter-output>
        </test-method> <!-- initializeBrowser -->
        <test-method status="PASS" signature="verifySendSMS()[pri:0, instance:com.qa.testscripts.QuickSMSTest@654f0d9c]" name="verifySendSMS" duration-ms="2035" started-at="2023-07-02T04:30:47Z" finished-at="2023-07-02T04:30:49Z">
          <reporter-output>
          </reporter-output>
        </test-method> <!-- verifySendSMS -->
        <test-method status="PASS" signature="browserQuit(org.testng.ITestResult)[pri:0, instance:com.qa.testscripts.QuickSMSTest@654f0d9c]" name="browserQuit" is-config="true" duration-ms="764" started-at="2023-07-02T04:30:49Z" finished-at="2023-07-02T04:30:50Z">
          <params>
            <param index="0">
              <value>
                <![CDATA[[TestResult name=verifySendSMS status=SUCCESS method=QuickSMSTest.verifySendSMS()[pri:0, instance:com.qa.testscripts.QuickSMSTest@654f0d9c] output={null}]]]>
              </value>
            </param>
          </params>
          <reporter-output>
          </reporter-output>
        </test-method> <!-- browserQuit -->
      </class> <!-- com.qa.testscripts.QuickSMSTest -->
    </test> <!-- EdgeTest -->
  </suite> <!-- MyTestSuite -->
</testng-results>
