<?xml version="1.0" encoding="UTF-8"?>
<testng-results skipped="0" failed="0" ignored="0" total="1" passed="1">
  <reporter-output>
  </reporter-output>
  <suite name="Suite" duration-ms="13143" started-at="2023-07-01T05:47:46Z" finished-at="2023-07-01T05:47:59Z">
    <groups>
    </groups>
    <test name="Test" duration-ms="13143" started-at="2023-07-01T05:47:46Z" finished-at="2023-07-01T05:47:59Z">
      <class name="com.qa.testscripts.ReparationTest">
        <test-method status="PASS" signature="initializeBrowser(java.lang.String)[pri:0, instance:com.qa.testscripts.ReparationTest@62e7f11d]" name="initializeBrowser" is-config="true" duration-ms="5657" started-at="2023-07-01T05:47:46Z" finished-at="2023-07-01T05:47:51Z">
          <params>
            <param index="0">
              <value>
                <![CDATA[chrome]]>
              </value>
            </param>
          </params>
          <reporter-output>
          </reporter-output>
        </test-method> <!-- initializeBrowser -->
        <test-method status="PASS" signature="addReparation()[pri:0, instance:com.qa.testscripts.ReparationTest@62e7f11d]" name="addReparation" duration-ms="6630" started-at="2023-07-01T05:47:51Z" finished-at="2023-07-01T05:47:58Z">
          <reporter-output>
          </reporter-output>
        </test-method> <!-- addReparation -->
        <test-method status="PASS" signature="browserQuit(org.testng.ITestResult)[pri:0, instance:com.qa.testscripts.ReparationTest@62e7f11d]" name="browserQuit" is-config="true" duration-ms="813" started-at="2023-07-01T05:47:58Z" finished-at="2023-07-01T05:47:59Z">
          <params>
            <param index="0">
              <value>
                <![CDATA[[TestResult name=addReparation status=SUCCESS method=ReparationTest.addReparation()[pri:0, instance:com.qa.testscripts.ReparationTest@62e7f11d] output={null}]]]>
              </value>
            </param>
          </params>
          <reporter-output>
          </reporter-output>
        </test-method> <!-- browserQuit -->
      </class> <!-- com.qa.testscripts.ReparationTest -->
    </test> <!-- Test -->
  </suite> <!-- Suite -->
</testng-results>
