<?xml version="1.0" encoding="UTF-8"?>
<!-- Generated by org.testng.reporters.JUnitXMLReporter -->
<testsuite hostname="LAPTOP-2LR20BM8" ignored="0" name="Parallel" tests="3" failures="0" timestamp="05 Jul 2023 14:50:17 GMT" time="0.062" errors="0">
  <testcase name="@BeforeMethod initializeBrowser" time="0.0" classname="com.qa.servicemanagementproject.Base">
    <failure type="org.testng.TestNGException" message="
Parameter &amp;apos;browser&amp;apos; is required by BeforeMethod on method initializeBrowser but has not been marked @Optional or defined
in C:\Users\nanda\git\ServiceManagement_Project\ProjectServiceManagement\Parallel.xml">
      <![CDATA[org.testng.TestNGException: 
Parameter 'browser' is required by BeforeMethod on method initializeBrowser but has not been marked @Optional or defined
in C:\Users\nanda\git\ServiceManagement_Project\ProjectServiceManagement\Parallel.xml
at java.util.concurrent.ThreadPoolExecutor.runWorker(ThreadPoolExecutor.java:1149)
at java.util.concurrent.ThreadPoolExecutor$Worker.run(ThreadPoolExecutor.java:624)
at java.lang.Thread.run(Thread.java:748)
... Removed 10 stack frames]]>
    </failure>
  </testcase> <!-- @BeforeMethod initializeBrowser -->
  <testcase name="@BeforeMethod initializeBrowser" time="0.0" classname="com.qa.servicemanagementproject.Base">
    <failure type="org.testng.TestNGException" message="
Parameter &amp;apos;browser&amp;apos; is required by BeforeMethod on method initializeBrowser but has not been marked @Optional or defined
in C:\Users\nanda\git\ServiceManagement_Project\ProjectServiceManagement\Parallel.xml">
      <![CDATA[org.testng.TestNGException: 
Parameter 'browser' is required by BeforeMethod on method initializeBrowser but has not been marked @Optional or defined
in C:\Users\nanda\git\ServiceManagement_Project\ProjectServiceManagement\Parallel.xml
at java.util.concurrent.ThreadPoolExecutor.runWorker(ThreadPoolExecutor.java:1149)
at java.util.concurrent.ThreadPoolExecutor$Worker.run(ThreadPoolExecutor.java:624)
at java.lang.Thread.run(Thread.java:748)
... Removed 10 stack frames]]>
    </failure>
  </testcase> <!-- @BeforeMethod initializeBrowser -->
  <testcase name="@BeforeMethod initializeBrowser" time="0.0" classname="com.qa.servicemanagementproject.Base">
    <failure type="org.testng.TestNGException" message="
Parameter &amp;apos;browser&amp;apos; is required by BeforeMethod on method initializeBrowser but has not been marked @Optional or defined
in C:\Users\nanda\git\ServiceManagement_Project\ProjectServiceManagement\Parallel.xml">
      <![CDATA[org.testng.TestNGException: 
Parameter 'browser' is required by BeforeMethod on method initializeBrowser but has not been marked @Optional or defined
in C:\Users\nanda\git\ServiceManagement_Project\ProjectServiceManagement\Parallel.xml
at java.util.concurrent.ThreadPoolExecutor.runWorker(ThreadPoolExecutor.java:1149)
at java.util.concurrent.ThreadPoolExecutor$Worker.run(ThreadPoolExecutor.java:624)
at java.lang.Thread.run(Thread.java:748)
... Removed 10 stack frames]]>
    </failure>
  </testcase> <!-- @BeforeMethod initializeBrowser -->
  <testcase name="@AfterMethod browserQuit" time="0.0" classname="com.qa.servicemanagementproject.Base">
    <skipped/>
  </testcase> <!-- @AfterMethod browserQuit -->
  <testcase name="@AfterMethod browserQuit" time="0.0" classname="com.qa.servicemanagementproject.Base">
    <skipped/>
  </testcase> <!-- @AfterMethod browserQuit -->
  <testcase name="@AfterMethod browserQuit" time="0.0" classname="com.qa.servicemanagementproject.Base">
    <skipped/>
  </testcase> <!-- @AfterMethod browserQuit -->
  <testcase name="verifyLoginWithValidCredentials" time="0.0" classname="com.qa.testscripts.LoginTest">
    <skipped/>
  </testcase> <!-- verifyLoginWithValidCredentials -->
  <testcase name="loginCredentialsTest" time="0.0" classname="com.qa.testscripts.LoginTest">
    <skipped/>
  </testcase> <!-- loginCredentialsTest -->
  <testcase name="invalidloginTest" time="0.0" classname="com.qa.testscripts.LoginTest">
    <skipped/>
  </testcase> <!-- invalidloginTest -->
</testsuite> <!-- Parallel -->
