<?xml version="1.0" encoding="UTF-8"?>
<testng-results ignored="0" total="2" passed="2" failed="0" skipped="0">
  <reporter-output>
  </reporter-output>
  <suite started-at="2023-06-27T15:35:11Z" name="Suite" finished-at="2023-06-27T15:35:39Z" duration-ms="27243">
    <groups>
    </groups>
    <test started-at="2023-06-27T15:35:11Z" name="Test" finished-at="2023-06-27T15:35:39Z" duration-ms="27243">
      <class name="com.qa.testscripts.AddClientTest">
        <test-method is-config="true" signature="initializeBrowser(java.lang.String)[pri:0, instance:com.qa.testscripts.AddClientTest@72cf2de5]" started-at="2023-06-27T15:35:11Z" name="initializeBrowser" finished-at="2023-06-27T15:35:21Z" duration-ms="9922" status="PASS">
          <params>
            <param index="0">
              <value>
                <![CDATA[chrome]]>
              </value>
            </param>
          </params>
          <reporter-output>
          </reporter-output>
        </test-method> <!-- initializeBrowser -->
        <test-method signature="addClientTest()[pri:0, instance:com.qa.testscripts.AddClientTest@72cf2de5]" started-at="2023-06-27T15:35:21Z" name="addClientTest" finished-at="2023-06-27T15:35:28Z" duration-ms="6682" status="PASS">
          <reporter-output>
          </reporter-output>
        </test-method> <!-- addClientTest -->
        <test-method is-config="true" signature="browserQuit(org.testng.ITestResult)[pri:0, instance:com.qa.testscripts.AddClientTest@72cf2de5]" started-at="2023-06-27T15:35:28Z" name="browserQuit" finished-at="2023-06-27T15:35:28Z" duration-ms="211" status="PASS">
          <params>
            <param index="0">
              <value>
                <![CDATA[[TestResult name=addClientTest status=SUCCESS method=AddClientTest.addClientTest()[pri:0, instance:com.qa.testscripts.AddClientTest@72cf2de5] output={null}]]]>
              </value>
            </param>
          </params>
          <reporter-output>
          </reporter-output>
        </test-method> <!-- browserQuit -->
        <test-method is-config="true" signature="initializeBrowser(java.lang.String)[pri:0, instance:com.qa.testscripts.AddClientTest@72cf2de5]" started-at="2023-06-27T15:35:28Z" name="initializeBrowser" finished-at="2023-06-27T15:35:34Z" duration-ms="5809" status="PASS">
          <params>
            <param index="0">
              <value>
                <![CDATA[chrome]]>
              </value>
            </param>
          </params>
          <reporter-output>
          </reporter-output>
        </test-method> <!-- initializeBrowser -->
        <test-method signature="verifyAlertMsgWithoutClient()[pri:0, instance:com.qa.testscripts.AddClientTest@72cf2de5]" started-at="2023-06-27T15:35:34Z" name="verifyAlertMsgWithoutClient" finished-at="2023-06-27T15:35:38Z" duration-ms="4396" status="PASS">
          <reporter-output>
          </reporter-output>
        </test-method> <!-- verifyAlertMsgWithoutClient -->
        <test-method is-config="true" signature="browserQuit(org.testng.ITestResult)[pri:0, instance:com.qa.testscripts.AddClientTest@72cf2de5]" started-at="2023-06-27T15:35:38Z" name="browserQuit" finished-at="2023-06-27T15:35:39Z" duration-ms="188" status="PASS">
          <params>
            <param index="0">
              <value>
                <![CDATA[[TestResult name=verifyAlertMsgWithoutClient status=SUCCESS method=AddClientTest.verifyAlertMsgWithoutClient()[pri:0, instance:com.qa.testscripts.AddClientTest@72cf2de5] output={null}]]]>
              </value>
            </param>
          </params>
          <reporter-output>
          </reporter-output>
        </test-method> <!-- browserQuit -->
      </class> <!-- com.qa.testscripts.AddClientTest -->
    </test> <!-- Test -->
  </suite> <!-- Suite -->
</testng-results>
