<?xml version="1.0" encoding="UTF-8"?>
<!-- Generated by org.testng.reporters.JUnitXMLReporter -->
<testsuite hostname="LAPTOP-2LR20BM8" ignored="3" name="MyTest" tests="4" failures="0" timestamp="30 Jun 2023 11:02:41 GMT" time="37.029" errors="0">
  <testcase name="addClient" time="4.374" classname="com.qa.testscripts.HomePageTest"/>
  <testcase name="alertTest" time="3.206" classname="com.qa.testscripts.HomePageTest"/>
  <testcase name="sendSMS" time="3.491" classname="com.qa.testscripts.HomePageTest"/>
  <testcase name="verifyNavigateToReparartionPage" time="4.841" classname="com.qa.testscripts.HomePageTest"/>
  <testcase name="verifyPresenceOfQuickSMSFunction" time="0.0" classname="com.qa.testscripts.HomePageTest">
    <ignored/>
  </testcase> <!-- verifyPresenceOfQuickSMSFunction -->
  <testcase name="verifyNavigateToSendMail" time="0.0" classname="com.qa.testscripts.HomePageTest">
    <ignored/>
  </testcase> <!-- verifyNavigateToSendMail -->
  <testcase name="verifyOrderandReparartionsPage" time="0.0" classname="com.qa.testscripts.HomePageTest">
    <ignored/>
  </testcase> <!-- verifyOrderandReparartionsPage -->
</testsuite> <!-- MyTest -->
