<?xml version="1.0" encoding="UTF-8"?>
<!-- Generated by org.testng.reporters.JUnitXMLReporter -->
<testsuite hostname="LAPTOP-2LR20BM8" ignored="0" name="Test1" tests="8" failures="3" timestamp="05 Jul 2023 14:55:32 GMT" time="34.331" errors="0">
  <testcase name="invalidloginTest" time="2.39" classname="com.qa.testscripts.LoginTest"/>
  <testcase name="logoutAppTest" time="4.107" classname="com.qa.testscripts.LogoutTest">
    <failure type="java.lang.NullPointerException">
      <![CDATA[java.lang.NullPointerException
at com.qa.testscripts.LogoutTest.logoutAppTest(LogoutTest.java:26)
at java.util.concurrent.ThreadPoolExecutor.runWorker(ThreadPoolExecutor.java:1149)
at java.util.concurrent.ThreadPoolExecutor$Worker.run(ThreadPoolExecutor.java:624)
at java.lang.Thread.run(Thread.java:748)
... Removed 10 stack frames]]>
    </failure>
  </testcase> <!-- logoutAppTest -->
  <testcase name="addClientTest" time="8.915" classname="com.qa.testscripts.AddClientTest"/>
  <testcase name="verifyLogoutTest" time="0.002" classname="com.qa.testscripts.LogoutTest">
    <failure type="java.lang.NullPointerException">
      <![CDATA[java.lang.NullPointerException
at com.qa.testscripts.LogoutTest.verifyLogoutTest(LogoutTest.java:31)
at java.util.concurrent.ThreadPoolExecutor.runWorker(ThreadPoolExecutor.java:1149)
at java.util.concurrent.ThreadPoolExecutor$Worker.run(ThreadPoolExecutor.java:624)
at java.lang.Thread.run(Thread.java:748)
... Removed 10 stack frames]]>
    </failure>
  </testcase> <!-- verifyLogoutTest -->
  <testcase name="loginCredentialsTest" time="2.896" classname="com.qa.testscripts.LoginTest"/>
  <testcase name="verifyLoginWithValidCredentials" time="2.626" classname="com.qa.testscripts.LoginTest"/>
  <testcase name="verifyAddClient" time="6.769" classname="com.qa.testscripts.AddClientTest"/>
  <testcase name="verifyAlertMsgWithoutClient" time="1.765" classname="com.qa.testscripts.AddClientTest">
    <failure type="org.openqa.selenium.ElementNotInteractableException" message="element not interactable
  (Session info: chrome=114.0.5735.199)
Build info: version: &amp;apos;4.4.0&amp;apos;, revision: &amp;apos;e5c75ed026a&amp;apos;
System info: host: &amp;apos;LAPTOP-2LR20BM8&amp;apos;, ip: &amp;apos;192.168.1.2&amp;apos;, os.name: &amp;apos;Windows 10&amp;apos;, os.arch: &amp;apos;amd64&amp;apos;, os.version: &amp;apos;10.0&amp;apos;, java.version: &amp;apos;1.8.0_202&amp;apos;
Driver info: org.openqa.selenium.chrome.ChromeDriver
Command: [a30657c06849410a79d125573b0badbd, sendKeysToElement {id=0E573B2A8B95A67EFB7E6E979B8F6BFF_element_33, value=[Ljava.lang.CharSequence;@22121181}]
Capabilities {acceptInsecureCerts: false, browserName: chrome, browserVersion: 114.0.5735.199, chrome: {chromedriverVersion: 114.0.5735.90 (386bc09e8f4f..., userDataDir: C:\Users\nanda\AppData\Loca...}, goog:chromeOptions: {debuggerAddress: localhost:51320}, networkConnectionEnabled: false, pageLoadStrategy: normal, platformName: WINDOWS, proxy: Proxy(), se:cdp: ws://localhost:51320/devtoo..., se:cdpVersion: 114.0.5735.199, setWindowRect: true, strictFileInteractability: false, timeouts: {implicit: 0, pageLoad: 300000, script: 30000}, unhandledPromptBehavior: dismiss and notify, webauthn:extension:credBlob: true, webauthn:extension:largeBlob: true, webauthn:extension:minPinLength: true, webauthn:extension:prf: true, webauthn:virtualAuthenticators: true}
Element: [[ChromeDriver: chrome on WINDOWS (a30657c06849410a79d125573b0badbd)] -&amp;gt; xpath: //input[@id=&amp;apos;locality&amp;apos;]]
Session ID: a30657c06849410a79d125573b0badbd">
      <![CDATA[org.openqa.selenium.ElementNotInteractableException: element not interactable
  (Session info: chrome=114.0.5735.199)
Build info: version: '4.4.0', revision: 'e5c75ed026a'
System info: host: 'LAPTOP-2LR20BM8', ip: '192.168.1.2', os.name: 'Windows 10', os.arch: 'amd64', os.version: '10.0', java.version: '1.8.0_202'
Driver info: org.openqa.selenium.chrome.ChromeDriver
Command: [a30657c06849410a79d125573b0badbd, sendKeysToElement {id=0E573B2A8B95A67EFB7E6E979B8F6BFF_element_33, value=[Ljava.lang.CharSequence;@22121181}]
Capabilities {acceptInsecureCerts: false, browserName: chrome, browserVersion: 114.0.5735.199, chrome: {chromedriverVersion: 114.0.5735.90 (386bc09e8f4f..., userDataDir: C:\Users\nanda\AppData\Loca...}, goog:chromeOptions: {debuggerAddress: localhost:51320}, networkConnectionEnabled: false, pageLoadStrategy: normal, platformName: WINDOWS, proxy: Proxy(), se:cdp: ws://localhost:51320/devtoo..., se:cdpVersion: 114.0.5735.199, setWindowRect: true, strictFileInteractability: false, timeouts: {implicit: 0, pageLoad: 300000, script: 30000}, unhandledPromptBehavior: dismiss and notify, webauthn:extension:credBlob: true, webauthn:extension:largeBlob: true, webauthn:extension:minPinLength: true, webauthn:extension:prf: true, webauthn:virtualAuthenticators: true}
Element: [[ChromeDriver: chrome on WINDOWS (a30657c06849410a79d125573b0badbd)] -> xpath: //input[@id='locality']]
Session ID: a30657c06849410a79d125573b0badbd
at org.openqa.selenium.remote.codec.w3c.W3CHttpResponseCodec.createException(W3CHttpResponseCodec.java:200)
at org.openqa.selenium.remote.codec.w3c.W3CHttpResponseCodec.decode(W3CHttpResponseCodec.java:133)
at org.openqa.selenium.remote.codec.w3c.W3CHttpResponseCodec.decode(W3CHttpResponseCodec.java:53)
at org.openqa.selenium.remote.HttpCommandExecutor.execute(HttpCommandExecutor.java:184)
at org.openqa.selenium.remote.service.DriverCommandExecutor.invokeExecute(DriverCommandExecutor.java:167)
at org.openqa.selenium.remote.service.DriverCommandExecutor.execute(DriverCommandExecutor.java:142)
at org.openqa.selenium.remote.RemoteWebDriver.execute(RemoteWebDriver.java:547)
at org.openqa.selenium.remote.RemoteWebElement.execute(RemoteWebElement.java:257)
at org.openqa.selenium.remote.RemoteWebElement.sendKeys(RemoteWebElement.java:113)
at org.openqa.selenium.support.pagefactory.internal.LocatingElementHandler.invoke(LocatingElementHandler.java:52)
at com.sun.proxy.$Proxy20.sendKeys(Unknown Source)
at com.qa.utilities.PageUtility.setValue(PageUtility.java:28)
at com.qa.pages.AddClientPage.addCity(AddClientPage.java:101)
at com.qa.testscripts.AddClientTest.verifyAlertMsgWithoutClient(AddClientTest.java:59)
at java.util.concurrent.ThreadPoolExecutor.runWorker(ThreadPoolExecutor.java:1149)
at java.util.concurrent.ThreadPoolExecutor$Worker.run(ThreadPoolExecutor.java:624)
at java.lang.Thread.run(Thread.java:748)
... Removed 17 stack frames]]>
    </failure>
  </testcase> <!-- verifyAlertMsgWithoutClient -->
</testsuite> <!-- Test1 -->
