<?xml version="1.0" encoding="UTF-8"?>
<!-- Generated by org.testng.reporters.JUnitXMLReporter -->
<testsuite hostname="LAPTOP-2LR20BM8" ignored="0" name="Test" tests="1" failures="1" timestamp="05 Jul 2023 15:14:04 GMT" time="7.08" errors="0">
  <testcase name="verifylogoutAppTest" time="2.175" classname="com.qa.testscripts.LogoutTest">
    <failure type="java.lang.NullPointerException">
      <![CDATA[java.lang.NullPointerException
at com.qa.testscripts.LogoutTest.verifylogoutAppTest(LogoutTest.java:26)
... Removed 25 stack frames]]>
    </failure>
  </testcase> <!-- verifylogoutAppTest -->
</testsuite> <!-- Test -->
