<?xml version="1.0" encoding="UTF-8"?>
<!-- Generated by org.testng.reporters.JUnitXMLReporter -->
<testsuite hostname="LAPTOP-2LR20BM8" ignored="0" name="Test" tests="1" failures="1" timestamp="29 Jun 2023 16:12:04 GMT" time="119.536" errors="0">
  <testcase name="deleteInventoryProductTest" time="108.362" classname="com.qa.testscripts.InventoryPageTest">
    <failure type="java.lang.NullPointerException">
      <![CDATA[java.lang.NullPointerException
at com.qa.utilities.ExcelUtility.getString(ExcelUtility.java:58)
at com.qa.testscripts.InventoryPageTest.deleteInventoryProductTest(InventoryPageTest.java:32)
... Removed 25 stack frames]]>
    </failure>
  </testcase> <!-- deleteInventoryProductTest -->
</testsuite> <!-- Test -->
